<?xml version="1.0" encoding="UTF-8"?>
<testng-results skipped="0" failed="0" ignored="0" total="1" passed="1">
  <reporter-output>
  </reporter-output>
  <suite name="Default suite" duration-ms="30691" started-at="2020-04-08T20:23:13Z" finished-at="2020-04-08T20:23:44Z">
    <groups>
    </groups>
    <test name="Default test" duration-ms="30691" started-at="2020-04-08T20:23:13Z" finished-at="2020-04-08T20:23:44Z">
      <class name="com.freecrm.Testcases.HomePageTest">
        <test-method status="PASS" signature="first()[pri:0, instance:com.freecrm.Testcases.HomePageTest@4d826d77]" name="first" is-config="true" duration-ms="23245" started-at="2020-04-09T01:53:13Z" finished-at="2020-04-09T01:53:36Z">
          <reporter-output>
          </reporter-output>
        </test-method> <!-- first -->
        <test-method status="PASS" signature="verifylinks()[pri:0, instance:com.freecrm.Testcases.HomePageTest@4d826d77]" name="verifylinks" duration-ms="7387" started-at="2020-04-09T01:53:36Z" finished-at="2020-04-09T01:53:44Z">
          <reporter-output>
          </reporter-output>
        </test-method> <!-- verifylinks -->
        <test-method status="PASS" signature="close()[pri:0, instance:com.freecrm.Testcases.HomePageTest@4d826d77]" name="close" is-config="true" duration-ms="1" started-at="2020-04-09T01:53:44Z" finished-at="2020-04-09T01:53:44Z">
          <reporter-output>
          </reporter-output>
        </test-method> <!-- close -->
      </class> <!-- com.freecrm.Testcases.HomePageTest -->
    </test> <!-- Default test -->
  </suite> <!-- Default suite -->
</testng-results>
