<?xml version="1.0" encoding="UTF-8"?>
<!-- Generated by org.testng.reporters.JUnitXMLReporter -->
<testsuite hostname="DESKTOP-A3I7VVI" ignored="0" name="Test Basics 1" tests="4" failures="0" timestamp="08 Apr 2020 19:55:31 GMT" time="207.9" errors="0">
  <testcase name="verifyForgetpassord" time="24.025" classname="com.freecrm.Testcases.ForgetMyPassPageTest"/>
  <testcase name="verifySigninlink" time="3.168" classname="com.freecrm.Testcases.HomePageTest"/>
  <testcase name="clickForgetpassordlink" time="12.523" classname="com.freecrm.Testcases.LoginPageTest"/>
  <testcase name="verifyvalidSignIn" time="15.058" classname="com.freecrm.Testcases.LoginPageTest"/>
</testsuite> <!-- Test Basics 1 -->
